{"uid":"3fe8a4ffefaacf79","name":"test_backup_aws","fullName":"tests.integration.test_backups#test_backup_aws","historyId":"bcfd49f36d62d4a7829769666ae6fe60","time":{"start":1727919077053,"stop":1727920331960,"duration":1254907},"description":"Build and deploy two units of PostgreSQL in AWS and then test the backup and restore actions.","descriptionHtml":"<p>Build and deploy two units of PostgreSQL in AWS and then test the backup and restore actions.</p>\n","status":"broken","statusMessage":"botocore.exceptions.NoCredentialsError: Unable to locate credentials","statusTrace":"Traceback (most recent call last):\n  File \"/home/runner/actions-runner/_work/test-runners-2-azure-arm64-postgresql-k8s-operator/test-runners-2-azure-arm64-postgresql-k8s-operator/.tox/integration/lib/python3.10/site-packages/_pytest/runner.py\", line 341, in from_call\n    result: TResult | None = func()\n  File \"/home/runner/actions-runner/_work/test-runners-2-azure-arm64-postgresql-k8s-operator/test-runners-2-azure-arm64-postgresql-k8s-operator/.tox/integration/lib/python3.10/site-packages/_pytest/runner.py\", line 242, in <lambda>\n    lambda: runtest_hook(item=item, **kwds), when=when, reraise=reraise\n  File \"/home/runner/actions-runner/_work/test-runners-2-azure-arm64-postgresql-k8s-operator/test-runners-2-azure-arm64-postgresql-k8s-operator/.tox/integration/lib/python3.10/site-packages/pluggy/_hooks.py\", line 513, in __call__\n    return self._hookexec(self.name, self._hookimpls.copy(), kwargs, firstresult)\n  File \"/home/runner/actions-runner/_work/test-runners-2-azure-arm64-postgresql-k8s-operator/test-runners-2-azure-arm64-postgresql-k8s-operator/.tox/integration/lib/python3.10/site-packages/pluggy/_manager.py\", line 120, in _hookexec\n    return self._inner_hookexec(hook_name, methods, kwargs, firstresult)\n  File \"/home/runner/actions-runner/_work/test-runners-2-azure-arm64-postgresql-k8s-operator/test-runners-2-azure-arm64-postgresql-k8s-operator/.tox/integration/lib/python3.10/site-packages/pluggy/_callers.py\", line 182, in _multicall\n    return outcome.get_result()\n  File \"/home/runner/actions-runner/_work/test-runners-2-azure-arm64-postgresql-k8s-operator/test-runners-2-azure-arm64-postgresql-k8s-operator/.tox/integration/lib/python3.10/site-packages/pluggy/_result.py\", line 100, in get_result\n    raise exc.with_traceback(exc.__traceback__)\n  File \"/home/runner/actions-runner/_work/test-runners-2-azure-arm64-postgresql-k8s-operator/test-runners-2-azure-arm64-postgresql-k8s-operator/.tox/integration/lib/python3.10/site-packages/pluggy/_callers.py\", line 167, in _multicall\n    teardown.throw(outcome._exception)\n  File \"/home/runner/actions-runner/_work/test-runners-2-azure-arm64-postgresql-k8s-operator/test-runners-2-azure-arm64-postgresql-k8s-operator/.tox/integration/lib/python3.10/site-packages/_pytest/threadexception.py\", line 97, in pytest_runtest_teardown\n    yield from thread_exception_runtest_hook()\n  File \"/home/runner/actions-runner/_work/test-runners-2-azure-arm64-postgresql-k8s-operator/test-runners-2-azure-arm64-postgresql-k8s-operator/.tox/integration/lib/python3.10/site-packages/_pytest/threadexception.py\", line 68, in thread_exception_runtest_hook\n    yield\n  File \"/home/runner/actions-runner/_work/test-runners-2-azure-arm64-postgresql-k8s-operator/test-runners-2-azure-arm64-postgresql-k8s-operator/.tox/integration/lib/python3.10/site-packages/pluggy/_callers.py\", line 167, in _multicall\n    teardown.throw(outcome._exception)\n  File \"/home/runner/actions-runner/_work/test-runners-2-azure-arm64-postgresql-k8s-operator/test-runners-2-azure-arm64-postgresql-k8s-operator/.tox/integration/lib/python3.10/site-packages/_pytest/unraisableexception.py\", line 100, in pytest_runtest_teardown\n    yield from unraisable_exception_runtest_hook()\n  File \"/home/runner/actions-runner/_work/test-runners-2-azure-arm64-postgresql-k8s-operator/test-runners-2-azure-arm64-postgresql-k8s-operator/.tox/integration/lib/python3.10/site-packages/_pytest/unraisableexception.py\", line 70, in unraisable_exception_runtest_hook\n    yield\n  File \"/home/runner/actions-runner/_work/test-runners-2-azure-arm64-postgresql-k8s-operator/test-runners-2-azure-arm64-postgresql-k8s-operator/.tox/integration/lib/python3.10/site-packages/pluggy/_callers.py\", line 167, in _multicall\n    teardown.throw(outcome._exception)\n  File \"/home/runner/actions-runner/_work/test-runners-2-azure-arm64-postgresql-k8s-operator/test-runners-2-azure-arm64-postgresql-k8s-operator/.tox/integration/lib/python3.10/site-packages/_pytest/logging.py\", line 853, in pytest_runtest_teardown\n    yield from self._runtest_for(item, \"teardown\")\n  File \"/home/runner/actions-runner/_work/test-runners-2-azure-arm64-postgresql-k8s-operator/test-runners-2-azure-arm64-postgresql-k8s-operator/.tox/integration/lib/python3.10/site-packages/_pytest/logging.py\", line 829, in _runtest_for\n    yield\n  File \"/home/runner/actions-runner/_work/test-runners-2-azure-arm64-postgresql-k8s-operator/test-runners-2-azure-arm64-postgresql-k8s-operator/.tox/integration/lib/python3.10/site-packages/pluggy/_callers.py\", line 167, in _multicall\n    teardown.throw(outcome._exception)\n  File \"/home/runner/actions-runner/_work/test-runners-2-azure-arm64-postgresql-k8s-operator/test-runners-2-azure-arm64-postgresql-k8s-operator/.tox/integration/lib/python3.10/site-packages/_pytest/capture.py\", line 885, in pytest_runtest_teardown\n    return (yield)\n  File \"/home/runner/actions-runner/_work/test-runners-2-azure-arm64-postgresql-k8s-operator/test-runners-2-azure-arm64-postgresql-k8s-operator/.tox/integration/lib/python3.10/site-packages/pluggy/_callers.py\", line 103, in _multicall\n    res = hook_impl.function(*args)\n  File \"/home/runner/actions-runner/_work/test-runners-2-azure-arm64-postgresql-k8s-operator/test-runners-2-azure-arm64-postgresql-k8s-operator/.tox/integration/lib/python3.10/site-packages/_pytest/runner.py\", line 189, in pytest_runtest_teardown\n    item.session._setupstate.teardown_exact(nextitem)\n  File \"/home/runner/actions-runner/_work/test-runners-2-azure-arm64-postgresql-k8s-operator/test-runners-2-azure-arm64-postgresql-k8s-operator/.tox/integration/lib/python3.10/site-packages/_pytest/runner.py\", line 557, in teardown_exact\n    raise exceptions[0]\n  File \"/home/runner/actions-runner/_work/test-runners-2-azure-arm64-postgresql-k8s-operator/test-runners-2-azure-arm64-postgresql-k8s-operator/.tox/integration/lib/python3.10/site-packages/_pytest/runner.py\", line 546, in teardown_exact\n    fin()\n  File \"/home/runner/actions-runner/_work/test-runners-2-azure-arm64-postgresql-k8s-operator/test-runners-2-azure-arm64-postgresql-k8s-operator/.tox/integration/lib/python3.10/site-packages/_pytest/fixtures.py\", line 1032, in finish\n    raise exceptions[0]\n  File \"/home/runner/actions-runner/_work/test-runners-2-azure-arm64-postgresql-k8s-operator/test-runners-2-azure-arm64-postgresql-k8s-operator/.tox/integration/lib/python3.10/site-packages/_pytest/fixtures.py\", line 1021, in finish\n    fin()\n  File \"/home/runner/actions-runner/_work/test-runners-2-azure-arm64-postgresql-k8s-operator/test-runners-2-azure-arm64-postgresql-k8s-operator/.tox/integration/lib/python3.10/site-packages/allure_commons/_allure.py\", line 221, in __call__\n    return self._fixture_function(*args, **kwargs)\n  File \"/home/runner/actions-runner/_work/test-runners-2-azure-arm64-postgresql-k8s-operator/test-runners-2-azure-arm64-postgresql-k8s-operator/.tox/integration/lib/python3.10/site-packages/pytest_asyncio/plugin.py\", line 300, in finalizer\n    event_loop.run_until_complete(async_finalizer())\n  File \"/usr/lib/python3.10/asyncio/base_events.py\", line 649, in run_until_complete\n    return future.result()\n  File \"/home/runner/actions-runner/_work/test-runners-2-azure-arm64-postgresql-k8s-operator/test-runners-2-azure-arm64-postgresql-k8s-operator/.tox/integration/lib/python3.10/site-packages/pytest_asyncio/plugin.py\", line 292, in async_finalizer\n    await gen_obj.__anext__()\n  File \"/home/runner/actions-runner/_work/test-runners-2-azure-arm64-postgresql-k8s-operator/test-runners-2-azure-arm64-postgresql-k8s-operator/tests/integration/test_backups.py\", line 100, in cloud_configs\n    for bucket_object in bucket.objects.filter(Prefix=config[\"path\"].lstrip(\"/\")):\n  File \"/home/runner/actions-runner/_work/test-runners-2-azure-arm64-postgresql-k8s-operator/test-runners-2-azure-arm64-postgresql-k8s-operator/.tox/integration/lib/python3.10/site-packages/boto3/resources/collection.py\", line 79, in __iter__\n    for page in self.pages():\n  File \"/home/runner/actions-runner/_work/test-runners-2-azure-arm64-postgresql-k8s-operator/test-runners-2-azure-arm64-postgresql-k8s-operator/.tox/integration/lib/python3.10/site-packages/boto3/resources/collection.py\", line 169, in pages\n    for page in pages:\n  File \"/home/runner/actions-runner/_work/test-runners-2-azure-arm64-postgresql-k8s-operator/test-runners-2-azure-arm64-postgresql-k8s-operator/.tox/integration/lib/python3.10/site-packages/botocore/paginate.py\", line 269, in __iter__\n    response = self._make_request(current_kwargs)\n  File \"/home/runner/actions-runner/_work/test-runners-2-azure-arm64-postgresql-k8s-operator/test-runners-2-azure-arm64-postgresql-k8s-operator/.tox/integration/lib/python3.10/site-packages/botocore/paginate.py\", line 357, in _make_request\n    return self._method(**current_kwargs)\n  File \"/home/runner/actions-runner/_work/test-runners-2-azure-arm64-postgresql-k8s-operator/test-runners-2-azure-arm64-postgresql-k8s-operator/.tox/integration/lib/python3.10/site-packages/botocore/client.py\", line 569, in _api_call\n    return self._make_api_call(operation_name, kwargs)\n  File \"/home/runner/actions-runner/_work/test-runners-2-azure-arm64-postgresql-k8s-operator/test-runners-2-azure-arm64-postgresql-k8s-operator/.tox/integration/lib/python3.10/site-packages/botocore/client.py\", line 1005, in _make_api_call\n    http, parsed_response = self._make_request(\n  File \"/home/runner/actions-runner/_work/test-runners-2-azure-arm64-postgresql-k8s-operator/test-runners-2-azure-arm64-postgresql-k8s-operator/.tox/integration/lib/python3.10/site-packages/botocore/client.py\", line 1029, in _make_request\n    return self._endpoint.make_request(operation_model, request_dict)\n  File \"/home/runner/actions-runner/_work/test-runners-2-azure-arm64-postgresql-k8s-operator/test-runners-2-azure-arm64-postgresql-k8s-operator/.tox/integration/lib/python3.10/site-packages/botocore/endpoint.py\", line 119, in make_request\n    return self._send_request(request_dict, operation_model)\n  File \"/home/runner/actions-runner/_work/test-runners-2-azure-arm64-postgresql-k8s-operator/test-runners-2-azure-arm64-postgresql-k8s-operator/.tox/integration/lib/python3.10/site-packages/botocore/endpoint.py\", line 196, in _send_request\n    request = self.create_request(request_dict, operation_model)\n  File \"/home/runner/actions-runner/_work/test-runners-2-azure-arm64-postgresql-k8s-operator/test-runners-2-azure-arm64-postgresql-k8s-operator/.tox/integration/lib/python3.10/site-packages/botocore/endpoint.py\", line 132, in create_request\n    self._event_emitter.emit(\n  File \"/home/runner/actions-runner/_work/test-runners-2-azure-arm64-postgresql-k8s-operator/test-runners-2-azure-arm64-postgresql-k8s-operator/.tox/integration/lib/python3.10/site-packages/botocore/hooks.py\", line 412, in emit\n    return self._emitter.emit(aliased_event_name, **kwargs)\n  File \"/home/runner/actions-runner/_work/test-runners-2-azure-arm64-postgresql-k8s-operator/test-runners-2-azure-arm64-postgresql-k8s-operator/.tox/integration/lib/python3.10/site-packages/botocore/hooks.py\", line 256, in emit\n    return self._emit(event_name, kwargs)\n  File \"/home/runner/actions-runner/_work/test-runners-2-azure-arm64-postgresql-k8s-operator/test-runners-2-azure-arm64-postgresql-k8s-operator/.tox/integration/lib/python3.10/site-packages/botocore/hooks.py\", line 239, in _emit\n    response = handler(**kwargs)\n  File \"/home/runner/actions-runner/_work/test-runners-2-azure-arm64-postgresql-k8s-operator/test-runners-2-azure-arm64-postgresql-k8s-operator/.tox/integration/lib/python3.10/site-packages/botocore/signers.py\", line 105, in handler\n    return self.sign(operation_name, request)\n  File \"/home/runner/actions-runner/_work/test-runners-2-azure-arm64-postgresql-k8s-operator/test-runners-2-azure-arm64-postgresql-k8s-operator/.tox/integration/lib/python3.10/site-packages/botocore/signers.py\", line 197, in sign\n    auth.add_auth(request)\n  File \"/home/runner/actions-runner/_work/test-runners-2-azure-arm64-postgresql-k8s-operator/test-runners-2-azure-arm64-postgresql-k8s-operator/.tox/integration/lib/python3.10/site-packages/botocore/auth.py\", line 423, in add_auth\n    raise NoCredentialsError()\nbotocore.exceptions.NoCredentialsError: Unable to locate credentials","flaky":false,"newFailed":false,"newBroken":false,"newPassed":false,"retriesCount":1,"retriesStatusChange":true,"beforeStages":[{"name":"event_loop","time":{"start":1727919076609,"stop":1727919076610,"duration":1},"status":"passed","steps":[],"attachments":[],"parameters":[],"stepsCount":0,"shouldDisplayMessage":false,"attachmentsCount":0,"hasContent":false,"attachmentStep":false},{"name":"ops_test","time":{"start":1727919076610,"stop":1727919076984,"duration":374},"status":"passed","steps":[],"attachments":[],"parameters":[],"stepsCount":0,"shouldDisplayMessage":false,"attachmentsCount":0,"hasContent":false,"attachmentStep":false},{"name":"github_secrets","time":{"start":1727919076610,"stop":1727919076610,"duration":0},"status":"passed","steps":[],"attachments":[],"parameters":[],"stepsCount":0,"shouldDisplayMessage":false,"attachmentsCount":0,"hasContent":false,"attachmentStep":false},{"name":"tmp_path_factory","time":{"start":1727919076610,"stop":1727919076610,"duration":0},"status":"passed","steps":[],"attachments":[],"parameters":[],"stepsCount":0,"shouldDisplayMessage":false,"attachmentsCount":0,"hasContent":false,"attachmentStep":false},{"name":"cloud_configs","time":{"start":1727919076984,"stop":1727919077052,"duration":68},"status":"passed","steps":[],"attachments":[],"parameters":[],"stepsCount":0,"shouldDisplayMessage":false,"attachmentsCount":0,"hasContent":false,"attachmentStep":false},{"name":"abort_on_fail","time":{"start":1727919077052,"stop":1727919077052,"duration":0},"status":"passed","steps":[],"attachments":[],"parameters":[],"stepsCount":0,"shouldDisplayMessage":false,"attachmentsCount":0,"hasContent":false,"attachmentStep":false}],"testStage":{"description":"Build and deploy two units of PostgreSQL in AWS and then test the backup and restore actions.","status":"broken","statusMessage":"botocore.exceptions.NoCredentialsError: Unable to locate credentials","statusTrace":"Traceback (most recent call last):\n  File \"/home/runner/actions-runner/_work/test-runners-2-azure-arm64-postgresql-k8s-operator/test-runners-2-azure-arm64-postgresql-k8s-operator/.tox/integration/lib/python3.10/site-packages/_pytest/runner.py\", line 341, in from_call\n    result: TResult | None = func()\n  File \"/home/runner/actions-runner/_work/test-runners-2-azure-arm64-postgresql-k8s-operator/test-runners-2-azure-arm64-postgresql-k8s-operator/.tox/integration/lib/python3.10/site-packages/_pytest/runner.py\", line 242, in <lambda>\n    lambda: runtest_hook(item=item, **kwds), when=when, reraise=reraise\n  File \"/home/runner/actions-runner/_work/test-runners-2-azure-arm64-postgresql-k8s-operator/test-runners-2-azure-arm64-postgresql-k8s-operator/.tox/integration/lib/python3.10/site-packages/pluggy/_hooks.py\", line 513, in __call__\n    return self._hookexec(self.name, self._hookimpls.copy(), kwargs, firstresult)\n  File \"/home/runner/actions-runner/_work/test-runners-2-azure-arm64-postgresql-k8s-operator/test-runners-2-azure-arm64-postgresql-k8s-operator/.tox/integration/lib/python3.10/site-packages/pluggy/_manager.py\", line 120, in _hookexec\n    return self._inner_hookexec(hook_name, methods, kwargs, firstresult)\n  File \"/home/runner/actions-runner/_work/test-runners-2-azure-arm64-postgresql-k8s-operator/test-runners-2-azure-arm64-postgresql-k8s-operator/.tox/integration/lib/python3.10/site-packages/pluggy/_callers.py\", line 182, in _multicall\n    return outcome.get_result()\n  File \"/home/runner/actions-runner/_work/test-runners-2-azure-arm64-postgresql-k8s-operator/test-runners-2-azure-arm64-postgresql-k8s-operator/.tox/integration/lib/python3.10/site-packages/pluggy/_result.py\", line 100, in get_result\n    raise exc.with_traceback(exc.__traceback__)\n  File \"/home/runner/actions-runner/_work/test-runners-2-azure-arm64-postgresql-k8s-operator/test-runners-2-azure-arm64-postgresql-k8s-operator/.tox/integration/lib/python3.10/site-packages/pluggy/_callers.py\", line 167, in _multicall\n    teardown.throw(outcome._exception)\n  File \"/home/runner/actions-runner/_work/test-runners-2-azure-arm64-postgresql-k8s-operator/test-runners-2-azure-arm64-postgresql-k8s-operator/.tox/integration/lib/python3.10/site-packages/_pytest/threadexception.py\", line 97, in pytest_runtest_teardown\n    yield from thread_exception_runtest_hook()\n  File \"/home/runner/actions-runner/_work/test-runners-2-azure-arm64-postgresql-k8s-operator/test-runners-2-azure-arm64-postgresql-k8s-operator/.tox/integration/lib/python3.10/site-packages/_pytest/threadexception.py\", line 68, in thread_exception_runtest_hook\n    yield\n  File \"/home/runner/actions-runner/_work/test-runners-2-azure-arm64-postgresql-k8s-operator/test-runners-2-azure-arm64-postgresql-k8s-operator/.tox/integration/lib/python3.10/site-packages/pluggy/_callers.py\", line 167, in _multicall\n    teardown.throw(outcome._exception)\n  File \"/home/runner/actions-runner/_work/test-runners-2-azure-arm64-postgresql-k8s-operator/test-runners-2-azure-arm64-postgresql-k8s-operator/.tox/integration/lib/python3.10/site-packages/_pytest/unraisableexception.py\", line 100, in pytest_runtest_teardown\n    yield from unraisable_exception_runtest_hook()\n  File \"/home/runner/actions-runner/_work/test-runners-2-azure-arm64-postgresql-k8s-operator/test-runners-2-azure-arm64-postgresql-k8s-operator/.tox/integration/lib/python3.10/site-packages/_pytest/unraisableexception.py\", line 70, in unraisable_exception_runtest_hook\n    yield\n  File \"/home/runner/actions-runner/_work/test-runners-2-azure-arm64-postgresql-k8s-operator/test-runners-2-azure-arm64-postgresql-k8s-operator/.tox/integration/lib/python3.10/site-packages/pluggy/_callers.py\", line 167, in _multicall\n    teardown.throw(outcome._exception)\n  File \"/home/runner/actions-runner/_work/test-runners-2-azure-arm64-postgresql-k8s-operator/test-runners-2-azure-arm64-postgresql-k8s-operator/.tox/integration/lib/python3.10/site-packages/_pytest/logging.py\", line 853, in pytest_runtest_teardown\n    yield from self._runtest_for(item, \"teardown\")\n  File \"/home/runner/actions-runner/_work/test-runners-2-azure-arm64-postgresql-k8s-operator/test-runners-2-azure-arm64-postgresql-k8s-operator/.tox/integration/lib/python3.10/site-packages/_pytest/logging.py\", line 829, in _runtest_for\n    yield\n  File \"/home/runner/actions-runner/_work/test-runners-2-azure-arm64-postgresql-k8s-operator/test-runners-2-azure-arm64-postgresql-k8s-operator/.tox/integration/lib/python3.10/site-packages/pluggy/_callers.py\", line 167, in _multicall\n    teardown.throw(outcome._exception)\n  File \"/home/runner/actions-runner/_work/test-runners-2-azure-arm64-postgresql-k8s-operator/test-runners-2-azure-arm64-postgresql-k8s-operator/.tox/integration/lib/python3.10/site-packages/_pytest/capture.py\", line 885, in pytest_runtest_teardown\n    return (yield)\n  File \"/home/runner/actions-runner/_work/test-runners-2-azure-arm64-postgresql-k8s-operator/test-runners-2-azure-arm64-postgresql-k8s-operator/.tox/integration/lib/python3.10/site-packages/pluggy/_callers.py\", line 103, in _multicall\n    res = hook_impl.function(*args)\n  File \"/home/runner/actions-runner/_work/test-runners-2-azure-arm64-postgresql-k8s-operator/test-runners-2-azure-arm64-postgresql-k8s-operator/.tox/integration/lib/python3.10/site-packages/_pytest/runner.py\", line 189, in pytest_runtest_teardown\n    item.session._setupstate.teardown_exact(nextitem)\n  File \"/home/runner/actions-runner/_work/test-runners-2-azure-arm64-postgresql-k8s-operator/test-runners-2-azure-arm64-postgresql-k8s-operator/.tox/integration/lib/python3.10/site-packages/_pytest/runner.py\", line 557, in teardown_exact\n    raise exceptions[0]\n  File \"/home/runner/actions-runner/_work/test-runners-2-azure-arm64-postgresql-k8s-operator/test-runners-2-azure-arm64-postgresql-k8s-operator/.tox/integration/lib/python3.10/site-packages/_pytest/runner.py\", line 546, in teardown_exact\n    fin()\n  File \"/home/runner/actions-runner/_work/test-runners-2-azure-arm64-postgresql-k8s-operator/test-runners-2-azure-arm64-postgresql-k8s-operator/.tox/integration/lib/python3.10/site-packages/_pytest/fixtures.py\", line 1032, in finish\n    raise exceptions[0]\n  File \"/home/runner/actions-runner/_work/test-runners-2-azure-arm64-postgresql-k8s-operator/test-runners-2-azure-arm64-postgresql-k8s-operator/.tox/integration/lib/python3.10/site-packages/_pytest/fixtures.py\", line 1021, in finish\n    fin()\n  File \"/home/runner/actions-runner/_work/test-runners-2-azure-arm64-postgresql-k8s-operator/test-runners-2-azure-arm64-postgresql-k8s-operator/.tox/integration/lib/python3.10/site-packages/allure_commons/_allure.py\", line 221, in __call__\n    return self._fixture_function(*args, **kwargs)\n  File \"/home/runner/actions-runner/_work/test-runners-2-azure-arm64-postgresql-k8s-operator/test-runners-2-azure-arm64-postgresql-k8s-operator/.tox/integration/lib/python3.10/site-packages/pytest_asyncio/plugin.py\", line 300, in finalizer\n    event_loop.run_until_complete(async_finalizer())\n  File \"/usr/lib/python3.10/asyncio/base_events.py\", line 649, in run_until_complete\n    return future.result()\n  File \"/home/runner/actions-runner/_work/test-runners-2-azure-arm64-postgresql-k8s-operator/test-runners-2-azure-arm64-postgresql-k8s-operator/.tox/integration/lib/python3.10/site-packages/pytest_asyncio/plugin.py\", line 292, in async_finalizer\n    await gen_obj.__anext__()\n  File \"/home/runner/actions-runner/_work/test-runners-2-azure-arm64-postgresql-k8s-operator/test-runners-2-azure-arm64-postgresql-k8s-operator/tests/integration/test_backups.py\", line 100, in cloud_configs\n    for bucket_object in bucket.objects.filter(Prefix=config[\"path\"].lstrip(\"/\")):\n  File \"/home/runner/actions-runner/_work/test-runners-2-azure-arm64-postgresql-k8s-operator/test-runners-2-azure-arm64-postgresql-k8s-operator/.tox/integration/lib/python3.10/site-packages/boto3/resources/collection.py\", line 79, in __iter__\n    for page in self.pages():\n  File \"/home/runner/actions-runner/_work/test-runners-2-azure-arm64-postgresql-k8s-operator/test-runners-2-azure-arm64-postgresql-k8s-operator/.tox/integration/lib/python3.10/site-packages/boto3/resources/collection.py\", line 169, in pages\n    for page in pages:\n  File \"/home/runner/actions-runner/_work/test-runners-2-azure-arm64-postgresql-k8s-operator/test-runners-2-azure-arm64-postgresql-k8s-operator/.tox/integration/lib/python3.10/site-packages/botocore/paginate.py\", line 269, in __iter__\n    response = self._make_request(current_kwargs)\n  File \"/home/runner/actions-runner/_work/test-runners-2-azure-arm64-postgresql-k8s-operator/test-runners-2-azure-arm64-postgresql-k8s-operator/.tox/integration/lib/python3.10/site-packages/botocore/paginate.py\", line 357, in _make_request\n    return self._method(**current_kwargs)\n  File \"/home/runner/actions-runner/_work/test-runners-2-azure-arm64-postgresql-k8s-operator/test-runners-2-azure-arm64-postgresql-k8s-operator/.tox/integration/lib/python3.10/site-packages/botocore/client.py\", line 569, in _api_call\n    return self._make_api_call(operation_name, kwargs)\n  File \"/home/runner/actions-runner/_work/test-runners-2-azure-arm64-postgresql-k8s-operator/test-runners-2-azure-arm64-postgresql-k8s-operator/.tox/integration/lib/python3.10/site-packages/botocore/client.py\", line 1005, in _make_api_call\n    http, parsed_response = self._make_request(\n  File \"/home/runner/actions-runner/_work/test-runners-2-azure-arm64-postgresql-k8s-operator/test-runners-2-azure-arm64-postgresql-k8s-operator/.tox/integration/lib/python3.10/site-packages/botocore/client.py\", line 1029, in _make_request\n    return self._endpoint.make_request(operation_model, request_dict)\n  File \"/home/runner/actions-runner/_work/test-runners-2-azure-arm64-postgresql-k8s-operator/test-runners-2-azure-arm64-postgresql-k8s-operator/.tox/integration/lib/python3.10/site-packages/botocore/endpoint.py\", line 119, in make_request\n    return self._send_request(request_dict, operation_model)\n  File \"/home/runner/actions-runner/_work/test-runners-2-azure-arm64-postgresql-k8s-operator/test-runners-2-azure-arm64-postgresql-k8s-operator/.tox/integration/lib/python3.10/site-packages/botocore/endpoint.py\", line 196, in _send_request\n    request = self.create_request(request_dict, operation_model)\n  File \"/home/runner/actions-runner/_work/test-runners-2-azure-arm64-postgresql-k8s-operator/test-runners-2-azure-arm64-postgresql-k8s-operator/.tox/integration/lib/python3.10/site-packages/botocore/endpoint.py\", line 132, in create_request\n    self._event_emitter.emit(\n  File \"/home/runner/actions-runner/_work/test-runners-2-azure-arm64-postgresql-k8s-operator/test-runners-2-azure-arm64-postgresql-k8s-operator/.tox/integration/lib/python3.10/site-packages/botocore/hooks.py\", line 412, in emit\n    return self._emitter.emit(aliased_event_name, **kwargs)\n  File \"/home/runner/actions-runner/_work/test-runners-2-azure-arm64-postgresql-k8s-operator/test-runners-2-azure-arm64-postgresql-k8s-operator/.tox/integration/lib/python3.10/site-packages/botocore/hooks.py\", line 256, in emit\n    return self._emit(event_name, kwargs)\n  File \"/home/runner/actions-runner/_work/test-runners-2-azure-arm64-postgresql-k8s-operator/test-runners-2-azure-arm64-postgresql-k8s-operator/.tox/integration/lib/python3.10/site-packages/botocore/hooks.py\", line 239, in _emit\n    response = handler(**kwargs)\n  File \"/home/runner/actions-runner/_work/test-runners-2-azure-arm64-postgresql-k8s-operator/test-runners-2-azure-arm64-postgresql-k8s-operator/.tox/integration/lib/python3.10/site-packages/botocore/signers.py\", line 105, in handler\n    return self.sign(operation_name, request)\n  File \"/home/runner/actions-runner/_work/test-runners-2-azure-arm64-postgresql-k8s-operator/test-runners-2-azure-arm64-postgresql-k8s-operator/.tox/integration/lib/python3.10/site-packages/botocore/signers.py\", line 197, in sign\n    auth.add_auth(request)\n  File \"/home/runner/actions-runner/_work/test-runners-2-azure-arm64-postgresql-k8s-operator/test-runners-2-azure-arm64-postgresql-k8s-operator/.tox/integration/lib/python3.10/site-packages/botocore/auth.py\", line 423, in add_auth\n    raise NoCredentialsError()\nbotocore.exceptions.NoCredentialsError: Unable to locate credentials","steps":[],"attachments":[{"uid":"81880e2d8f317768","name":"log","source":"81880e2d8f317768.txt","type":"text/plain","size":15557}],"parameters":[],"stepsCount":0,"shouldDisplayMessage":true,"attachmentsCount":1,"hasContent":true,"attachmentStep":false},"afterStages":[{"name":"abort_on_fail::0","time":{"start":1727920331961,"stop":1727920331961,"duration":0},"status":"passed","steps":[],"attachments":[],"parameters":[],"stepsCount":0,"shouldDisplayMessage":false,"attachmentsCount":0,"hasContent":false,"attachmentStep":false},{"name":"cloud_configs::finalizer","time":{"start":1727920331961,"stop":1727920333248,"duration":1287},"status":"broken","statusMessage":"botocore.exceptions.NoCredentialsError: Unable to locate credentials\n","statusTrace":"  File \"/home/runner/actions-runner/_work/test-runners-2-azure-arm64-postgresql-k8s-operator/test-runners-2-azure-arm64-postgresql-k8s-operator/.tox/integration/lib/python3.10/site-packages/allure_commons/_allure.py\", line 221, in __call__\n    return self._fixture_function(*args, **kwargs)\n  File \"/home/runner/actions-runner/_work/test-runners-2-azure-arm64-postgresql-k8s-operator/test-runners-2-azure-arm64-postgresql-k8s-operator/.tox/integration/lib/python3.10/site-packages/pytest_asyncio/plugin.py\", line 300, in finalizer\n    event_loop.run_until_complete(async_finalizer())\n  File \"/usr/lib/python3.10/asyncio/base_events.py\", line 649, in run_until_complete\n    return future.result()\n  File \"/home/runner/actions-runner/_work/test-runners-2-azure-arm64-postgresql-k8s-operator/test-runners-2-azure-arm64-postgresql-k8s-operator/.tox/integration/lib/python3.10/site-packages/pytest_asyncio/plugin.py\", line 292, in async_finalizer\n    await gen_obj.__anext__()\n  File \"/home/runner/actions-runner/_work/test-runners-2-azure-arm64-postgresql-k8s-operator/test-runners-2-azure-arm64-postgresql-k8s-operator/tests/integration/test_backups.py\", line 100, in cloud_configs\n    for bucket_object in bucket.objects.filter(Prefix=config[\"path\"].lstrip(\"/\")):\n  File \"/home/runner/actions-runner/_work/test-runners-2-azure-arm64-postgresql-k8s-operator/test-runners-2-azure-arm64-postgresql-k8s-operator/.tox/integration/lib/python3.10/site-packages/boto3/resources/collection.py\", line 79, in __iter__\n    for page in self.pages():\n  File \"/home/runner/actions-runner/_work/test-runners-2-azure-arm64-postgresql-k8s-operator/test-runners-2-azure-arm64-postgresql-k8s-operator/.tox/integration/lib/python3.10/site-packages/boto3/resources/collection.py\", line 169, in pages\n    for page in pages:\n  File \"/home/runner/actions-runner/_work/test-runners-2-azure-arm64-postgresql-k8s-operator/test-runners-2-azure-arm64-postgresql-k8s-operator/.tox/integration/lib/python3.10/site-packages/botocore/paginate.py\", line 269, in __iter__\n    response = self._make_request(current_kwargs)\n  File \"/home/runner/actions-runner/_work/test-runners-2-azure-arm64-postgresql-k8s-operator/test-runners-2-azure-arm64-postgresql-k8s-operator/.tox/integration/lib/python3.10/site-packages/botocore/paginate.py\", line 357, in _make_request\n    return self._method(**current_kwargs)\n  File \"/home/runner/actions-runner/_work/test-runners-2-azure-arm64-postgresql-k8s-operator/test-runners-2-azure-arm64-postgresql-k8s-operator/.tox/integration/lib/python3.10/site-packages/botocore/client.py\", line 569, in _api_call\n    return self._make_api_call(operation_name, kwargs)\n  File \"/home/runner/actions-runner/_work/test-runners-2-azure-arm64-postgresql-k8s-operator/test-runners-2-azure-arm64-postgresql-k8s-operator/.tox/integration/lib/python3.10/site-packages/botocore/client.py\", line 1005, in _make_api_call\n    http, parsed_response = self._make_request(\n  File \"/home/runner/actions-runner/_work/test-runners-2-azure-arm64-postgresql-k8s-operator/test-runners-2-azure-arm64-postgresql-k8s-operator/.tox/integration/lib/python3.10/site-packages/botocore/client.py\", line 1029, in _make_request\n    return self._endpoint.make_request(operation_model, request_dict)\n  File \"/home/runner/actions-runner/_work/test-runners-2-azure-arm64-postgresql-k8s-operator/test-runners-2-azure-arm64-postgresql-k8s-operator/.tox/integration/lib/python3.10/site-packages/botocore/endpoint.py\", line 119, in make_request\n    return self._send_request(request_dict, operation_model)\n  File \"/home/runner/actions-runner/_work/test-runners-2-azure-arm64-postgresql-k8s-operator/test-runners-2-azure-arm64-postgresql-k8s-operator/.tox/integration/lib/python3.10/site-packages/botocore/endpoint.py\", line 196, in _send_request\n    request = self.create_request(request_dict, operation_model)\n  File \"/home/runner/actions-runner/_work/test-runners-2-azure-arm64-postgresql-k8s-operator/test-runners-2-azure-arm64-postgresql-k8s-operator/.tox/integration/lib/python3.10/site-packages/botocore/endpoint.py\", line 132, in create_request\n    self._event_emitter.emit(\n  File \"/home/runner/actions-runner/_work/test-runners-2-azure-arm64-postgresql-k8s-operator/test-runners-2-azure-arm64-postgresql-k8s-operator/.tox/integration/lib/python3.10/site-packages/botocore/hooks.py\", line 412, in emit\n    return self._emitter.emit(aliased_event_name, **kwargs)\n  File \"/home/runner/actions-runner/_work/test-runners-2-azure-arm64-postgresql-k8s-operator/test-runners-2-azure-arm64-postgresql-k8s-operator/.tox/integration/lib/python3.10/site-packages/botocore/hooks.py\", line 256, in emit\n    return self._emit(event_name, kwargs)\n  File \"/home/runner/actions-runner/_work/test-runners-2-azure-arm64-postgresql-k8s-operator/test-runners-2-azure-arm64-postgresql-k8s-operator/.tox/integration/lib/python3.10/site-packages/botocore/hooks.py\", line 239, in _emit\n    response = handler(**kwargs)\n  File \"/home/runner/actions-runner/_work/test-runners-2-azure-arm64-postgresql-k8s-operator/test-runners-2-azure-arm64-postgresql-k8s-operator/.tox/integration/lib/python3.10/site-packages/botocore/signers.py\", line 105, in handler\n    return self.sign(operation_name, request)\n  File \"/home/runner/actions-runner/_work/test-runners-2-azure-arm64-postgresql-k8s-operator/test-runners-2-azure-arm64-postgresql-k8s-operator/.tox/integration/lib/python3.10/site-packages/botocore/signers.py\", line 197, in sign\n    auth.add_auth(request)\n  File \"/home/runner/actions-runner/_work/test-runners-2-azure-arm64-postgresql-k8s-operator/test-runners-2-azure-arm64-postgresql-k8s-operator/.tox/integration/lib/python3.10/site-packages/botocore/auth.py\", line 423, in add_auth\n    raise NoCredentialsError()\n","steps":[],"attachments":[],"parameters":[],"stepsCount":0,"shouldDisplayMessage":true,"attachmentsCount":0,"hasContent":true,"attachmentStep":false},{"name":"ops_test::finalizer","time":{"start":1727920333248,"stop":1727920333727,"duration":479},"status":"passed","steps":[],"attachments":[],"parameters":[],"stepsCount":0,"shouldDisplayMessage":false,"attachmentsCount":0,"hasContent":false,"attachmentStep":false},{"name":"event_loop::2","time":{"start":1727920333728,"stop":1727920333728,"duration":0},"status":"passed","steps":[],"attachments":[],"parameters":[],"stepsCount":0,"shouldDisplayMessage":false,"attachmentsCount":0,"hasContent":false,"attachmentStep":false},{"name":"event_loop::_close_event_loop","time":{"start":1727920333728,"stop":1727920333728,"duration":0},"status":"passed","steps":[],"attachments":[],"parameters":[],"stepsCount":0,"shouldDisplayMessage":false,"attachmentsCount":0,"hasContent":false,"attachmentStep":false},{"name":"event_loop::_provide_clean_event_loop","time":{"start":1727920333728,"stop":1727920333728,"duration":0},"status":"passed","steps":[],"attachments":[],"parameters":[],"stepsCount":0,"shouldDisplayMessage":false,"attachmentsCount":0,"hasContent":false,"attachmentStep":false}],"labels":[{"name":"tag","value":"abort_on_fail"},{"name":"tag","value":"group(1)"},{"name":"tag","value":"asyncio"},{"name":"parentSuite","value":"tests.integration"},{"name":"suite","value":"test_backups"},{"name":"host","value":"runner"},{"name":"thread","value":"14968-MainThread"},{"name":"framework","value":"pytest"},{"name":"language","value":"cpython3"},{"name":"package","value":"tests.integration.test_backups"},{"name":"resultFormat","value":"allure2"}],"parameters":[],"links":[],"hidden":false,"retry":false,"extra":{"severity":"normal","retries":[{"uid":"21767a47d6741f38","status":"unknown","time":{}}],"categories":[{"name":"Test defects","matchedStatuses":[],"flaky":false}],"history":{"statistic":{"failed":0,"broken":17,"skipped":0,"passed":0,"unknown":1,"total":18},"items":[{"uid":"3364a29b873ac406","reportUrl":"../98//#testresult/3364a29b873ac406","status":"broken","statusDetails":"botocore.exceptions.NoCredentialsError: Unable to locate credentials","time":{"start":1727832665253,"stop":1727833830518,"duration":1165265}},{"uid":"f838576a3947da","reportUrl":"../97//#testresult/f838576a3947da","status":"broken","statusDetails":"botocore.exceptions.NoCredentialsError: Unable to locate credentials","time":{"start":1727746297104,"stop":1727747456220,"duration":1159116}},{"uid":"6c9443bc66aac723","reportUrl":"../96//#testresult/6c9443bc66aac723","status":"broken","statusDetails":"botocore.exceptions.NoCredentialsError: Unable to locate credentials","time":{"start":1727659861208,"stop":1727661016363,"duration":1155155}},{"uid":"69fdae7c65db0e56","reportUrl":"../95//#testresult/69fdae7c65db0e56","status":"broken","statusDetails":"botocore.exceptions.NoCredentialsError: Unable to locate credentials","time":{"start":1727573474807,"stop":1727574711870,"duration":1237063}},{"uid":"f90a787ea8769c4c","reportUrl":"../94//#testresult/f90a787ea8769c4c","status":"broken","statusDetails":"botocore.exceptions.NoCredentialsError: Unable to locate credentials","time":{"start":1727487126282,"stop":1727488339446,"duration":1213164}},{"uid":"bee53f455e77328a","reportUrl":"../93//#testresult/bee53f455e77328a","status":"broken","statusDetails":"botocore.exceptions.NoCredentialsError: Unable to locate credentials","time":{"start":1727400704931,"stop":1727402036241,"duration":1331310}},{"uid":"400c3b6555999028","reportUrl":"../92//#testresult/400c3b6555999028","status":"broken","statusDetails":"botocore.exceptions.NoCredentialsError: Unable to locate credentials","time":{"start":1727314403758,"stop":1727315603121,"duration":1199363}},{"uid":"31339d899c1c0ac9","reportUrl":"../90//#testresult/31339d899c1c0ac9","status":"broken","statusDetails":"botocore.exceptions.NoCredentialsError: Unable to locate credentials","time":{"start":1722217071630,"stop":1722218906399,"duration":1834769}},{"uid":"1f1f102ebbe9f16f","reportUrl":"../89//#testresult/1f1f102ebbe9f16f","status":"broken","statusDetails":"botocore.exceptions.NoCredentialsError: Unable to locate credentials","time":{"start":1722130583766,"stop":1722132520060,"duration":1936294}},{"uid":"7294e2be6d94df78","reportUrl":"../88//#testresult/7294e2be6d94df78","status":"broken","statusDetails":"botocore.exceptions.NoCredentialsError: Unable to locate credentials","time":{"start":1722044346345,"stop":1722046260649,"duration":1914304}},{"uid":"b8616aeee2fde461","reportUrl":"../87//#testresult/b8616aeee2fde461","status":"broken","statusDetails":"botocore.exceptions.NoCredentialsError: Unable to locate credentials","time":{"start":1721957806806,"stop":1721959651722,"duration":1844916}},{"uid":"7fa4c672574847f9","reportUrl":"../86//#testresult/7fa4c672574847f9","status":"broken","statusDetails":"botocore.exceptions.NoCredentialsError: Unable to locate credentials","time":{"start":1721871410221,"stop":1721873236847,"duration":1826626}},{"uid":"ed87c862659c0a74","reportUrl":"../85//#testresult/ed87c862659c0a74","status":"broken","statusDetails":"botocore.exceptions.NoCredentialsError: Unable to locate credentials","time":{"start":1721785201138,"stop":1721786911302,"duration":1710164}},{"uid":"ef03f3737343f709","reportUrl":"../84//#testresult/ef03f3737343f709","status":"broken","statusDetails":"botocore.exceptions.NoCredentialsError: Unable to locate credentials","time":{"start":1721698953490,"stop":1721700727035,"duration":1773545}},{"uid":"f4f3fb346f8c8772","reportUrl":"../83//#testresult/f4f3fb346f8c8772","status":"broken","statusDetails":"botocore.exceptions.NoCredentialsError: Unable to locate credentials","time":{"start":1721612253124,"stop":1721614091398,"duration":1838274}},{"uid":"71d667e0083ecfe9","reportUrl":"../82//#testresult/71d667e0083ecfe9","status":"unknown","time":{}},{"uid":"7dbdeeb3d4c02e9b","reportUrl":"../81//#testresult/7dbdeeb3d4c02e9b","status":"broken","statusDetails":"botocore.exceptions.NoCredentialsError: Unable to locate credentials","time":{"start":1721439362465,"stop":1721441223186,"duration":1860721}}]},"tags":["asyncio","abort_on_fail","group(1)"]},"source":"3fe8a4ffefaacf79.json","parameterValues":[]}