[32mINFO    [0m pytest_operator.plugin:plugin.py:862 Model status:

Model  Controller          Cloud/Region        Version  SLA          Timestamp
test   microk8s-localhost  microk8s/localhost  3.1.8    unsupported  02:11:11Z

App                      Version  Status   Scale  Charm                Channel        Rev  Address         Exposed  Message
another-application               active       1  postgresql-test-app  edge           145  10.152.183.32   no       received database credentials of the first database
another-data-integrator           waiting      1  data-integrator      latest/stable   26  10.152.183.94   no       installing agent
another-database         14.11    active       3  postgresql-k8s                        1  10.152.183.118  no       Primary
data-integrator                   waiting      1  data-integrator      latest/stable   26  10.152.183.50   no       installing agent
database                 14.11    active       3  postgresql-k8s                        0  10.152.183.174  no       Primary
postgresql-test-app               active       2  postgresql-test-app  edge           145  10.152.183.155  no       received database credentials of the first database

Unit                        Workload  Agent  Address       Ports  Message
another-application/0*      active    idle   10.1.236.150         received database credentials of the first database
another-data-integrator/0*  blocked   idle   10.1.236.154         Please relate the data-integrator with the desired product
another-database/0*         active    idle   10.1.236.147         Primary
another-database/1          active    idle   10.1.236.149         
another-database/2          active    idle   10.1.236.148         
data-integrator/0*          blocked   idle   10.1.236.153         Please relate the data-integrator with the desired product
database/0*                 active    idle   10.1.236.145         Primary
database/1                  active    idle   10.1.236.152         
database/2                  active    idle   10.1.236.151         
postgresql-test-app/0       active    idle   10.1.236.136         received database credentials of the first database
postgresql-test-app/1*      active    idle   10.1.236.137         received database credentials of the first database

[32mINFO    [0m pytest_operator.plugin:plugin.py:868 Juju error logs:

unit-database-0: 02:10:00 ERROR unit.database/0.juju-log database:20: Invalid extra user roles: test
unit-database-0: 02:10:00 ERROR unit.database/0.juju-log database:20: invalid role(s) for extra user roles
Traceback (most recent call last):
  File "/var/lib/juju/agents/unit-database-0/charm/src/relations/postgresql_provider.py", line 89, in _on_database_requested
    self.charm.postgresql.create_user(user, password, extra_user_roles=extra_user_roles)
  File "/var/lib/juju/agents/unit-database-0/charm/lib/charms/postgresql_k8s/v0/postgresql.py", line 222, in create_user
    raise PostgreSQLCreateUserError(INVALID_EXTRA_USER_ROLE_BLOCKING_MESSAGE)
charms.postgresql_k8s.v0.postgresql.PostgreSQLCreateUserError: invalid role(s) for extra user roles
unit-database-0: 02:10:02 ERROR unit.database/0.juju-log database:21: Invalid extra user roles: test
unit-database-0: 02:10:02 ERROR unit.database/0.juju-log database:21: invalid role(s) for extra user roles
Traceback (most recent call last):
  File "/var/lib/juju/agents/unit-database-0/charm/src/relations/postgresql_provider.py", line 89, in _on_database_requested
    self.charm.postgresql.create_user(user, password, extra_user_roles=extra_user_roles)
  File "/var/lib/juju/agents/unit-database-0/charm/lib/charms/postgresql_k8s/v0/postgresql.py", line 222, in create_user
    raise PostgreSQLCreateUserError(INVALID_EXTRA_USER_ROLE_BLOCKING_MESSAGE)
charms.postgresql_k8s.v0.postgresql.PostgreSQLCreateUserError: invalid role(s) for extra user roles

[32mINFO    [0m pytest_operator.plugin:plugin.py:947 Forgetting model main...