[32mINFO    [0m pytest_operator.plugin:plugin.py:862 Model status:

Model  Controller          Cloud/Region        Version  SLA          Timestamp
test   microk8s-localhost  microk8s/localhost  3.4.4    unsupported  02:05:02Z

App                      Version  Status   Scale  Charm                Channel        Rev  Address         Exposed  Message
another-application               active       1  postgresql-test-app  latest/edge    181  10.152.183.252  no       received database credentials of the first database
another-data-integrator           waiting      1  data-integrator      latest/stable   26  10.152.183.157  no       installing agent
another-database         14.12    active       3  postgresql-k8s                        1  10.152.183.41   no       
data-integrator                   waiting      1  data-integrator      latest/stable   26  10.152.183.145  no       installing agent
database                 14.12    active       3  postgresql-k8s                        0  10.152.183.200  no       
postgresql-test-app               active       2  postgresql-test-app  latest/edge    181  10.152.183.134  no       received database credentials of the first database

Unit                        Workload  Agent  Address       Ports  Message
another-application/0*      active    idle   10.1.236.150         received database credentials of the first database
another-data-integrator/0*  blocked   idle   10.1.236.154         Please relate the data-integrator with the desired product
another-database/0          active    idle   10.1.236.144         
another-database/1          active    idle   10.1.236.146         
another-database/2*         active    idle   10.1.236.145         Primary
data-integrator/0*          blocked   idle   10.1.236.153         Please relate the data-integrator with the desired product
database/0*                 active    idle   10.1.236.147         Primary
database/1                  active    idle   10.1.236.151         
database/2                  active    idle   10.1.236.152         
postgresql-test-app/0*      active    idle   10.1.236.136         received database credentials of the first database
postgresql-test-app/1       active    idle   10.1.236.137         received database credentials of the first database

[32mINFO    [0m pytest_operator.plugin:plugin.py:868 Juju error logs:

unit-database-1: 01:55:11 ERROR unit.database/1.juju-log failed to patch k8s Endpoints database-primary
Traceback (most recent call last):
  File "/var/lib/juju/agents/unit-database-1/charm/venv/lightkube/core/generic_client.py", line 188, in raise_for_status
    resp.raise_for_status()
  File "/var/lib/juju/agents/unit-database-1/charm/venv/httpx/_models.py", line 761, in raise_for_status
    raise HTTPStatusError(message, request=request, response=self)
httpx.HTTPStatusError: Client error '409 Conflict' for url 'https://10.152.183.1/api/v1/namespaces/test/endpoints/database-primary?force=true&fieldManager=database'
For more information check: https://developer.mozilla.org/en-US/docs/Web/HTTP/Status/409

During handling of the above exception, another exception occurred:

Traceback (most recent call last):
  File "/var/lib/juju/agents/unit-database-1/charm/./src/charm.py", line 1218, in _on_stop
    client.apply(
  File "/var/lib/juju/agents/unit-database-1/charm/venv/lightkube/core/client.py", line 457, in apply
    return self.patch(type(obj), name, obj, namespace=namespace,
  File "/var/lib/juju/agents/unit-database-1/charm/venv/lightkube/core/client.py", line 325, in patch
    return self._client.request("patch", res=res, name=name, namespace=namespace, obj=obj,
  File "/var/lib/juju/agents/unit-database-1/charm/venv/lightkube/core/generic_client.py", line 245, in request
    return self.handle_response(method, resp, br)
  File "/var/lib/juju/agents/unit-database-1/charm/venv/lightkube/core/generic_client.py", line 196, in handle_response
    self.raise_for_status(resp)
  File "/var/lib/juju/agents/unit-database-1/charm/venv/lightkube/core/generic_client.py", line 190, in raise_for_status
    raise transform_exception(e)
lightkube.core.exceptions.ApiError: Operation cannot be fulfilled on endpoints "database-primary": the object has been modified; please apply your changes to the latest version and try again
unit-database-1: 01:55:11 ERROR unit.database/1.juju-log failed to patch k8s Endpoints database-replicas
Traceback (most recent call last):
  File "/var/lib/juju/agents/unit-database-1/charm/venv/lightkube/core/generic_client.py", line 188, in raise_for_status
    resp.raise_for_status()
  File "/var/lib/juju/agents/unit-database-1/charm/venv/httpx/_models.py", line 761, in raise_for_status
    raise HTTPStatusError(message, request=request, response=self)
httpx.HTTPStatusError: Client error '409 Conflict' for url 'https://10.152.183.1/api/v1/namespaces/test/endpoints/database-replicas?force=true&fieldManager=database'
For more information check: https://developer.mozilla.org/en-US/docs/Web/HTTP/Status/409

During handling of the above exception, another exception occurred:

Traceback (most recent call last):
  File "/var/lib/juju/agents/unit-database-1/charm/./src/charm.py", line 1218, in _on_stop
    client.apply(
  File "/var/lib/juju/agents/unit-database-1/charm/venv/lightkube/core/client.py", line 457, in apply
    return self.patch(type(obj), name, obj, namespace=namespace,
  File "/var/lib/juju/agents/unit-database-1/charm/venv/lightkube/core/client.py", line 325, in patch
    return self._client.request("patch", res=res, name=name, namespace=namespace, obj=obj,
  File "/var/lib/juju/agents/unit-database-1/charm/venv/lightkube/core/generic_client.py", line 245, in request
    return self.handle_response(method, resp, br)
  File "/var/lib/juju/agents/unit-database-1/charm/venv/lightkube/core/generic_client.py", line 196, in handle_response
    self.raise_for_status(resp)
  File "/var/lib/juju/agents/unit-database-1/charm/venv/lightkube/core/generic_client.py", line 190, in raise_for_status
    raise transform_exception(e)
lightkube.core.exceptions.ApiError: Operation cannot be fulfilled on endpoints "database-replicas": the object has been modified; please apply your changes to the latest version and try again
unit-database-1: 01:55:11 ERROR unit.database/1.juju-log failed to patch k8s Endpoints patroni-database
Traceback (most recent call last):
  File "/var/lib/juju/agents/unit-database-1/charm/venv/lightkube/core/generic_client.py", line 188, in raise_for_status
    resp.raise_for_status()
  File "/var/lib/juju/agents/unit-database-1/charm/venv/httpx/_models.py", line 761, in raise_for_status
    raise HTTPStatusError(message, request=request, response=self)
httpx.HTTPStatusError: Client error '409 Conflict' for url 'https://10.152.183.1/api/v1/namespaces/test/endpoints/patroni-database?force=true&fieldManager=database'
For more information check: https://developer.mozilla.org/en-US/docs/Web/HTTP/Status/409

During handling of the above exception, another exception occurred:

Traceback (most recent call last):
  File "/var/lib/juju/agents/unit-database-1/charm/./src/charm.py", line 1218, in _on_stop
    client.apply(
  File "/var/lib/juju/agents/unit-database-1/charm/venv/lightkube/core/client.py", line 457, in apply
    return self.patch(type(obj), name, obj, namespace=namespace,
  File "/var/lib/juju/agents/unit-database-1/charm/venv/lightkube/core/client.py", line 325, in patch
    return self._client.request("patch", res=res, name=name, namespace=namespace, obj=obj,
  File "/var/lib/juju/agents/unit-database-1/charm/venv/lightkube/core/generic_client.py", line 245, in request
    return self.handle_response(method, resp, br)
  File "/var/lib/juju/agents/unit-database-1/charm/venv/lightkube/core/generic_client.py", line 196, in handle_response
    self.raise_for_status(resp)
  File "/var/lib/juju/agents/unit-database-1/charm/venv/lightkube/core/generic_client.py", line 190, in raise_for_status
    raise transform_exception(e)
lightkube.core.exceptions.ApiError: Operation cannot be fulfilled on endpoints "patroni-database": the object has been modified; please apply your changes to the latest version and try again
unit-database-1: 01:55:11 ERROR unit.database/1.juju-log failed to patch k8s Endpoints patroni-database-config
Traceback (most recent call last):
  File "/var/lib/juju/agents/unit-database-1/charm/venv/lightkube/core/generic_client.py", line 188, in raise_for_status
    resp.raise_for_status()
  File "/var/lib/juju/agents/unit-database-1/charm/venv/httpx/_models.py", line 761, in raise_for_status
    raise HTTPStatusError(message, request=request, response=self)
httpx.HTTPStatusError: Client error '409 Conflict' for url 'https://10.152.183.1/api/v1/namespaces/test/endpoints/patroni-database-config?force=true&fieldManager=database'
For more information check: https://developer.mozilla.org/en-US/docs/Web/HTTP/Status/409

During handling of the above exception, another exception occurred:

Traceback (most recent call last):
  File "/var/lib/juju/agents/unit-database-1/charm/./src/charm.py", line 1218, in _on_stop
    client.apply(
  File "/var/lib/juju/agents/unit-database-1/charm/venv/lightkube/core/client.py", line 457, in apply
    return self.patch(type(obj), name, obj, namespace=namespace,
  File "/var/lib/juju/agents/unit-database-1/charm/venv/lightkube/core/client.py", line 325, in patch
    return self._client.request("patch", res=res, name=name, namespace=namespace, obj=obj,
  File "/var/lib/juju/agents/unit-database-1/charm/venv/lightkube/core/generic_client.py", line 245, in request
    return self.handle_response(method, resp, br)
  File "/var/lib/juju/agents/unit-database-1/charm/venv/lightkube/core/generic_client.py", line 196, in handle_response
    self.raise_for_status(resp)
  File "/var/lib/juju/agents/unit-database-1/charm/venv/lightkube/core/generic_client.py", line 190, in raise_for_status
    raise transform_exception(e)
lightkube.core.exceptions.ApiError: Operation cannot be fulfilled on endpoints "patroni-database-config": the object has been modified; please apply your changes to the latest version and try again
unit-database-1: 01:55:11 ERROR unit.database/1.juju-log failed to patch k8s Endpoints patroni-database-sync
Traceback (most recent call last):
  File "/var/lib/juju/agents/unit-database-1/charm/venv/lightkube/core/generic_client.py", line 188, in raise_for_status
    resp.raise_for_status()
  File "/var/lib/juju/agents/unit-database-1/charm/venv/httpx/_models.py", line 761, in raise_for_status
    raise HTTPStatusError(message, request=request, response=self)
httpx.HTTPStatusError: Client error '409 Conflict' for url 'https://10.152.183.1/api/v1/namespaces/test/endpoints/patroni-database-sync?force=true&fieldManager=database'
For more information check: https://developer.mozilla.org/en-US/docs/Web/HTTP/Status/409

During handling of the above exception, another exception occurred:

Traceback (most recent call last):
  File "/var/lib/juju/agents/unit-database-1/charm/./src/charm.py", line 1218, in _on_stop
    client.apply(
  File "/var/lib/juju/agents/unit-database-1/charm/venv/lightkube/core/client.py", line 457, in apply
    return self.patch(type(obj), name, obj, namespace=namespace,
  File "/var/lib/juju/agents/unit-database-1/charm/venv/lightkube/core/client.py", line 325, in patch
    return self._client.request("patch", res=res, name=name, namespace=namespace, obj=obj,
  File "/var/lib/juju/agents/unit-database-1/charm/venv/lightkube/core/generic_client.py", line 245, in request
    return self.handle_response(method, resp, br)
  File "/var/lib/juju/agents/unit-database-1/charm/venv/lightkube/core/generic_client.py", line 196, in handle_response
    self.raise_for_status(resp)
  File "/var/lib/juju/agents/unit-database-1/charm/venv/lightkube/core/generic_client.py", line 190, in raise_for_status
    raise transform_exception(e)
lightkube.core.exceptions.ApiError: Operation cannot be fulfilled on endpoints "patroni-database-sync": the object has been modified; please apply your changes to the latest version and try again
unit-database-1: 01:55:11 ERROR unit.database/1.juju-log failed to patch k8s Service patroni-database-config
Traceback (most recent call last):
  File "/var/lib/juju/agents/unit-database-1/charm/venv/lightkube/core/generic_client.py", line 188, in raise_for_status
    resp.raise_for_status()
  File "/var/lib/juju/agents/unit-database-1/charm/venv/httpx/_models.py", line 761, in raise_for_status
    raise HTTPStatusError(message, request=request, response=self)
httpx.HTTPStatusError: Client error '409 Conflict' for url 'https://10.152.183.1/api/v1/namespaces/test/services/patroni-database-config?force=true&fieldManager=database'
For more information check: https://developer.mozilla.org/en-US/docs/Web/HTTP/Status/409

During handling of the above exception, another exception occurred:

Traceback (most recent call last):
  File "/var/lib/juju/agents/unit-database-1/charm/./src/charm.py", line 1218, in _on_stop
    client.apply(
  File "/var/lib/juju/agents/unit-database-1/charm/venv/lightkube/core/client.py", line 457, in apply
    return self.patch(type(obj), name, obj, namespace=namespace,
  File "/var/lib/juju/agents/unit-database-1/charm/venv/lightkube/core/client.py", line 325, in patch
    return self._client.request("patch", res=res, name=name, namespace=namespace, obj=obj,
  File "/var/lib/juju/agents/unit-database-1/charm/venv/lightkube/core/generic_client.py", line 245, in request
    return self.handle_response(method, resp, br)
  File "/var/lib/juju/agents/unit-database-1/charm/venv/lightkube/core/generic_client.py", line 196, in handle_response
    self.raise_for_status(resp)
  File "/var/lib/juju/agents/unit-database-1/charm/venv/lightkube/core/generic_client.py", line 190, in raise_for_status
    raise transform_exception(e)
lightkube.core.exceptions.ApiError: Operation cannot be fulfilled on services "patroni-database-config": the object has been modified; please apply your changes to the latest version and try again
unit-database-0: 02:03:57 ERROR unit.database/0.juju-log database:20: Invalid extra user roles: test
unit-database-0: 02:03:57 ERROR unit.database/0.juju-log database:20: invalid role(s) for extra user roles
Traceback (most recent call last):
  File "/var/lib/juju/agents/unit-database-0/charm/src/relations/postgresql_provider.py", line 92, in _on_database_requested
    self.charm.postgresql.create_user(user, password, extra_user_roles=extra_user_roles)
  File "/var/lib/juju/agents/unit-database-0/charm/lib/charms/tempo_k8s/v1/charm_tracing.py", line 647, in wrapped_function
    return callable(*args, **kwargs)  # type: ignore
  File "/var/lib/juju/agents/unit-database-0/charm/lib/charms/postgresql_k8s/v0/postgresql.py", line 228, in create_user
    raise PostgreSQLCreateUserError(INVALID_EXTRA_USER_ROLE_BLOCKING_MESSAGE)
charms.postgresql_k8s.v0.postgresql.PostgreSQLCreateUserError: invalid role(s) for extra user roles
unit-database-0: 02:04:03 ERROR unit.database/0.juju-log database:21: Invalid extra user roles: test
unit-database-0: 02:04:03 ERROR unit.database/0.juju-log database:21: invalid role(s) for extra user roles
Traceback (most recent call last):
  File "/var/lib/juju/agents/unit-database-0/charm/src/relations/postgresql_provider.py", line 92, in _on_database_requested
    self.charm.postgresql.create_user(user, password, extra_user_roles=extra_user_roles)
  File "/var/lib/juju/agents/unit-database-0/charm/lib/charms/tempo_k8s/v1/charm_tracing.py", line 647, in wrapped_function
    return callable(*args, **kwargs)  # type: ignore
  File "/var/lib/juju/agents/unit-database-0/charm/lib/charms/postgresql_k8s/v0/postgresql.py", line 228, in create_user
    raise PostgreSQLCreateUserError(INVALID_EXTRA_USER_ROLE_BLOCKING_MESSAGE)
charms.postgresql_k8s.v0.postgresql.PostgreSQLCreateUserError: invalid role(s) for extra user roles

[32mINFO    [0m pytest_operator.plugin:plugin.py:947 Forgetting model main...